<?xml version="1.0" encoding="UTF-8"?>
<!-- Generated by org.testng.reporters.JUnitXMLReporter -->
<testsuite ignored="0" hostname="rajhansji" failures="0" tests="10" name="Test" time="0.089" errors="0" timestamp="2022-12-21T18:30:07 IST">
  <testcase classname="com.actitime.testscript.CreateTask" name="createTask" time="0.011"/>
  <testcase classname="com.actitime.testscript.CreateTask" name="modifyTaskt" time="0.002"/>
  <testcase classname="com.actitime.testscript.CreateTask" name="deleteTask" time="0.001"/>
  <testcase classname="com.actitime.testscript.Demo" name="testDemo" time="0.003"/>
  <testcase classname="com.actitime.testscript.CustomerModule" name="createCustomer" time="0.001"/>
  <testcase classname="com.actitime.testscript.CustomerModule" name="modifyCustomer" time="0.002"/>
  <testcase classname="com.actitime.testscript.CustomerModule" name="deleteCustomer" time="0.003"/>
  <testcase classname="com.actitime.testscript.CreateProject" name="createProject" time="0.001"/>
  <testcase classname="com.actitime.testscript.CreateProject" name="modifyProject" time="0.001"/>
  <testcase classname="com.actitime.testscript.CreateProject" name="deleteProject" time="0.01"/>
</testsuite> <!-- Test -->
