<?xml version="1.0" encoding="UTF-8"?>
<testng-results ignored="0" total="1" passed="1" failed="0" skipped="0">
  <reporter-output>
  </reporter-output>
  <suite started-at="2022-12-31T17:45:01 IST" name="Default suite" finished-at="2022-12-31T17:45:23 IST" duration-ms="22388">
    <groups>
    </groups>
    <test started-at="2022-12-31T17:45:01 IST" name="Default test" finished-at="2022-12-31T17:45:23 IST" duration-ms="22388">
      <class name="com.actitime.generics.TestMethodPom">
        <test-method signature="verifyLogin()[pri:0, instance:com.actitime.generics.TestMethodPom@2e4b8173]" started-at="2022-12-31T17:45:01 IST" name="verifyLogin" finished-at="2022-12-31T17:45:23 IST" duration-ms="22351" status="PASS">
          <reporter-output>
          </reporter-output>
        </test-method> <!-- verifyLogin -->
      </class> <!-- com.actitime.generics.TestMethodPom -->
    </test> <!-- Default test -->
  </suite> <!-- Default suite -->
</testng-results>
